<?xml version="1.0" encoding="UTF-8"?>
<testsuite xmlns:xsi="http://www.w3.org/2001/XMLSchema-instance" xsi:noNamespaceSchemaLocation="https://maven.apache.org/surefire/maven-surefire-plugin/xsd/surefire-test-report.xsd" name="repositoryTests.UserRepositoryTest" time="0.025" tests="9" errors="0" skipped="0" failures="0">
  <properties>
[...]
</properties>
  <testcase name="optionalDoesNotReturnWhenMissing" classname="repositoryTests.UserRepositoryTest" time="0"/>
  <testcase name="shouldUpdateUserInfoProperly" classname="repositoryTests.UserRepositoryTest" time="0"/>
  <testcase name="shouldNotAllowDuplicateEntriesIntoDatabase" classname="repositoryTests.UserRepositoryTest" time="0.002"/>
  <testcase name="shouldGetCorrectUser" classname="repositoryTests.UserRepositoryTest" time="0.003"/>
  <testcase name="updateShouldThrowExceptionIfResourceDoesNotExist" classname="repositoryTests.UserRepositoryTest" time="0.003"/>
  <testcase name="shouldGetConnection" classname="repositoryTests.UserRepositoryTest" time="0.002"/>
  <testcase name="allEmployeesGotGot" classname="repositoryTests.UserRepositoryTest" time="0.008"/>
  <testcase name="shouldInsertUserToDatabase" classname="repositoryTests.UserRepositoryTest" time="0.003"/>
  <testcase name="shouldGetCorrectUserByID" classname="repositoryTests.UserRepositoryTest" time="0.003"/>
</testsuite>